# JRE version: Java(TM) SE Runtime Environment (8.0_291-b10) (build 1.8.0_291-b10)
# Java VM: Java HotSpot(TM) 64-Bit Server VM (25.291-b10 mixed mode windows-amd64 compressed oops)
Heap:
 PSYoungGen      total 993792K, used 138489K [0x0000000760000000, 0x00000007a4100000, 0x00000007c0000000)
  eden space 951808K, 13% used [0x0000000760000000,0x0000000767a1e0d8,0x000000079a180000)
  from space 41984K, 32% used [0x000000079d080000,0x000000079dda05d0,0x000000079f980000)
  to   space 48128K, 0% used [0x000000079a180000,0x000000079a180000,0x000000079d080000)
 ParOldGen       total 383488K, used 287275K [0x00000006a0000000, 0x00000006b7680000, 0x0000000760000000)
  object space 383488K, 74% used [0x00000006a0000000,0x00000006b188ad10,0x00000006b7680000)
 Metaspace       used 90880K, capacity 98000K, committed 98048K, reserved 1132544K
  class space    used 12289K, capacity 14046K, committed 14080K, reserved 1048576K
GC Heap History (10 events):
Event: 98.619 GC heap before
{Heap before GC invocations=35 (full 5):
 PSYoungGen      total 772608K, used 727004K [0x0000000760000000, 0x0000000799b00000, 0x00000007c0000000)
  eden space 713728K, 100% used [0x0000000760000000,0x000000078b900000,0x000000078b900000)
  from space 58880K, 22% used [0x000000078b900000,0x000000078c5f7240,0x000000078f280000)
  to   space 57344K, 0% used [0x0000000796300000,0x0000000796300000,0x0000000799b00000)
 ParOldGen       total 383488K, used 276495K [0x00000006a0000000, 0x00000006b7680000, 0x0000000760000000)
  object space 383488K, 72% used [0x00000006a0000000,0x00000006b0e03ec0,0x00000006b7680000)
 Metaspace       used 90212K, capacity 97184K, committed 97536K, reserved 1132544K
  class space    used 12198K, capacity 13926K, committed 14080K, reserved 1048576K
Event: 98.650 GC heap after
Heap after GC invocations=35 (full 5):
 PSYoungGen      total 876544K, used 10371K [0x0000000760000000, 0x0000000799480000, 0x00000007c0000000)
  eden space 825856K, 0% used [0x0000000760000000,0x0000000760000000,0x0000000792680000)
  from space 50688K, 20% used [0x0000000796300000,0x0000000796d20f20,0x0000000799480000)
  to   space 56320K, 0% used [0x0000000792680000,0x0000000792680000,0x0000000795d80000)
 ParOldGen       total 383488K, used 279464K [0x00000006a0000000, 0x00000006b7680000, 0x0000000760000000)
  object space 383488K, 72% used [0x00000006a0000000,0x00000006b10ea298,0x00000006b7680000)
 Metaspace       used 90212K, capacity 97184K, committed 97536K, reserved 1132544K
  class space    used 12198K, capacity 13926K, committed 14080K, reserved 1048576K
}
Event: 101.097 GC heap before
{Heap before GC invocations=36 (full 5):
 PSYoungGen      total 876544K, used 836227K [0x0000000760000000, 0x0000000799480000, 0x00000007c0000000)
  eden space 825856K, 100% used [0x0000000760000000,0x0000000792680000,0x0000000792680000)
  from space 50688K, 20% used [0x0000000796300000,0x0000000796d20f20,0x0000000799480000)
  to   space 56320K, 0% used [0x0000000792680000,0x0000000792680000,0x0000000795d80000)
 ParOldGen       total 383488K, used 279464K [0x00000006a0000000, 0x00000006b7680000, 0x0000000760000000)
  object space 383488K, 72% used [0x00000006a0000000,0x00000006b10ea298,0x00000006b7680000)
 Metaspace       used 90244K, capacity 97184K, committed 97536K, reserved 1132544K
  class space    used 12199K, capacity 13926K, committed 14080K, reserved 1048576K
Event: 101.128 GC heap after
Heap after GC invocations=36 (full 5):
 PSYoungGen      total 882176K, used 15185K [0x0000000760000000, 0x00000007a0500000, 0x00000007c0000000)
  eden space 825856K, 0% used [0x0000000760000000,0x0000000760000000,0x0000000792680000)
  from space 56320K, 26% used [0x0000000792680000,0x00000007935545b0,0x0000000795d80000)
  to   space 53760K, 0% used [0x000000079d080000,0x000000079d080000,0x00000007a0500000)
 ParOldGen       total 383488K, used 283999K [0x00000006a0000000, 0x00000006b7680000, 0x0000000760000000)
  object space 383488K, 74% used [0x00000006a0000000,0x00000006b1557d10,0x00000006b7680000)
 Metaspace       used 90244K, capacity 97184K, committed 97536K, reserved 1132544K
  class space    used 12199K, capacity 13926K, committed 14080K, reserved 1048576K
}
Event: 102.883 GC heap before
{Heap before GC invocations=37 (full 5):
 PSYoungGen      total 882176K, used 841041K [0x0000000760000000, 0x00000007a0500000, 0x00000007c0000000)
  eden space 825856K, 100% used [0x0000000760000000,0x0000000792680000,0x0000000792680000)
  from space 56320K, 26% used [0x0000000792680000,0x00000007935545b0,0x0000000795d80000)
  to   space 53760K, 0% used [0x000000079d080000,0x000000079d080000,0x00000007a0500000)
 ParOldGen       total 383488K, used 283999K [0x00000006a0000000, 0x00000006b7680000, 0x0000000760000000)
  object space 383488K, 74% used [0x00000006a0000000,0x00000006b1557d10,0x00000006b7680000)
 Metaspace       used 90262K, capacity 97190K, committed 97536K, reserved 1132544K
  class space    used 12199K, capacity 13927K, committed 14080K, reserved 1048576K
Event: 102.902 GC heap after
Heap after GC invocations=37 (full 5):
 PSYoungGen      total 979456K, used 11516K [0x0000000760000000, 0x000000079f980000, 0x00000007c0000000)
  eden space 937472K, 0% used [0x0000000760000000,0x0000000760000000,0x0000000799380000)
  from space 41984K, 27% used [0x000000079d080000,0x000000079dbbf300,0x000000079f980000)
  to   space 52224K, 0% used [0x0000000799380000,0x0000000799380000,0x000000079c680000)
 ParOldGen       total 383488K, used 287275K [0x00000006a0000000, 0x00000006b7680000, 0x0000000760000000)
  object space 383488K, 74% used [0x00000006a0000000,0x00000006b188ad10,0x00000006b7680000)
 Metaspace       used 90262K, capacity 97190K, committed 97536K, reserved 1132544K
  class space    used 12199K, capacity 13927K, committed 14080K, reserved 1048576K
}
Event: 108.459 GC heap before
{Heap before GC invocations=38 (full 5):
 PSYoungGen      total 979456K, used 948988K [0x0000000760000000, 0x000000079f980000, 0x00000007c0000000)
  eden space 937472K, 100% used [0x0000000760000000,0x0000000799380000,0x0000000799380000)
  from space 41984K, 27% used [0x000000079d080000,0x000000079dbbf300,0x000000079f980000)
  to   space 52224K, 0% used [0x0000000799380000,0x0000000799380000,0x000000079c680000)
 ParOldGen       total 383488K, used 287275K [0x00000006a0000000, 0x00000006b7680000, 0x0000000760000000)
  object space 383488K, 74% used [0x00000006a0000000,0x00000006b188ad10,0x00000006b7680000)
 Metaspace       used 90817K, capacity 97910K, committed 98048K, reserved 1132544K
  class space    used 12285K, capacity 14039K, committed 14080K, reserved 1048576K
Event: 108.481 GC heap after
Heap after GC invocations=38 (full 5):
 PSYoungGen      total 989696K, used 14751K [0x0000000760000000, 0x000000079f980000, 0x00000007c0000000)
  eden space 937472K, 0% used [0x0000000760000000,0x0000000760000000,0x0000000799380000)
  from space 52224K, 28% used [0x0000000799380000,0x000000079a1e7ff8,0x000000079c680000)
  to   space 41984K, 0% used [0x000000079d080000,0x000000079d080000,0x000000079f980000)
 ParOldGen       total 383488K, used 287275K [0x00000006a0000000, 0x00000006b7680000, 0x0000000760000000)
  object space 383488K, 74% used [0x00000006a0000000,0x00000006b188ad10,0x00000006b7680000)
 Metaspace       used 90817K, capacity 97910K, committed 98048K, reserved 1132544K
  class space    used 12285K, capacity 14039K, committed 14080K, reserved 1048576K
}
Event: 111.542 GC heap before
{Heap before GC invocations=39 (full 5):
 PSYoungGen      total 989696K, used 952223K [0x0000000760000000, 0x000000079f980000, 0x00000007c0000000)
  eden space 937472K, 100% used [0x0000000760000000,0x0000000799380000,0x0000000799380000)
  from space 52224K, 28% used [0x0000000799380000,0x000000079a1e7ff8,0x000000079c680000)
  to   space 41984K, 0% used [0x000000079d080000,0x000000079d080000,0x000000079f980000)
 ParOldGen       total 383488K, used 287275K [0x00000006a0000000, 0x00000006b7680000, 0x0000000760000000)
  object space 383488K, 74% used [0x00000006a0000000,0x00000006b188ad10,0x00000006b7680000)
 Metaspace       used 90862K, capacity 97974K, committed 98048K, reserved 1132544K
  class space    used 12285K, capacity 14039K, committed 14080K, reserved 1048576K
Event: 111.555 GC heap after
Heap after GC invocations=39 (full 5):
 PSYoungGen      total 993792K, used 13441K [0x0000000760000000, 0x00000007a4100000, 0x00000007c0000000)
  eden space 951808K, 0% used [0x0000000760000000,0x0000000760000000,0x000000079a180000)
  from space 41984K, 32% used [0x000000079d080000,0x000000079dda05d0,0x000000079f980000)
  to   space 48128K, 0% used [0x000000079a180000,0x000000079a180000,0x000000079d080000)
 ParOldGen       total 383488K, used 287275K [0x00000006a0000000, 0x00000006b7680000, 0x0000000760000000)
  object space 383488K, 74% used [0x00000006a0000000,0x00000006b188ad10,0x00000006b7680000)
 Metaspace       used 90862K, capacity 97974K, committed 98048K, reserved 1132544K
  class space    used 12285K, capacity 14039K, committed 14080K, reserved 1048576K
}

