# JRE version: Java(TM) SE Runtime Environment (8.0_291-b10) (build 1.8.0_291-b10)
# Java VM: Java HotSpot(TM) 64-Bit Server VM (25.291-b10 mixed mode windows-amd64 compressed oops)
Heap:
 PSYoungGen      total 891904K, used 241882K [0x0000000760000000, 0x000000079ea80000, 0x00000007c0000000)
  eden space 818176K, 27% used [0x0000000760000000,0x000000076db7e490,0x0000000791f00000)
  from space 73728K, 23% used [0x0000000791f00000,0x0000000792fb8498,0x0000000796700000)
  to   space 64000K, 0% used [0x000000079ac00000,0x000000079ac00000,0x000000079ea80000)
 ParOldGen       total 382976K, used 278742K [0x00000006a0000000, 0x00000006b7600000, 0x0000000760000000)
  object space 382976K, 72% used [0x00000006a0000000,0x00000006b1035898,0x00000006b7600000)
 Metaspace       used 90712K, capacity 97740K, committed 98048K, reserved 1132544K
  class space    used 12263K, capacity 13992K, committed 14080K, reserved 1048576K
GC Heap History (10 events):
Event: 81.365 GC heap before
{Heap before GC invocations=34 (full 5):
 PSYoungGen      total 796160K, used 732350K [0x0000000760000000, 0x0000000795a80000, 0x00000007c0000000)
  eden space 721408K, 100% used [0x0000000760000000,0x000000078c080000,0x000000078c080000)
  from space 74752K, 14% used [0x0000000791180000,0x0000000791c2fa78,0x0000000795a80000)
  to   space 78848K, 0% used [0x000000078c080000,0x000000078c080000,0x0000000790d80000)
 ParOldGen       total 382976K, used 270923K [0x00000006a0000000, 0x00000006b7600000, 0x0000000760000000)
  object space 382976K, 70% used [0x00000006a0000000,0x00000006b0892d00,0x00000006b7600000)
 Metaspace       used 90048K, capacity 97008K, committed 97536K, reserved 1132544K
  class space    used 12178K, capacity 13894K, committed 14080K, reserved 1048576K
Event: 81.391 GC heap after
Heap after GC invocations=34 (full 5):
 PSYoungGen      total 800256K, used 13724K [0x0000000760000000, 0x000000079b700000, 0x00000007c0000000)
  eden space 721408K, 0% used [0x0000000760000000,0x0000000760000000,0x000000078c080000)
  from space 78848K, 17% used [0x000000078c080000,0x000000078cde7380,0x0000000790d80000)
  to   space 76288K, 0% used [0x0000000796c80000,0x0000000796c80000,0x000000079b700000)
 ParOldGen       total 382976K, used 278734K [0x00000006a0000000, 0x00000006b7600000, 0x0000000760000000)
  object space 382976K, 72% used [0x00000006a0000000,0x00000006b1033898,0x00000006b7600000)
 Metaspace       used 90048K, capacity 97008K, committed 97536K, reserved 1132544K
  class space    used 12178K, capacity 13894K, committed 14080K, reserved 1048576K
}
Event: 83.210 GC heap before
{Heap before GC invocations=35 (full 5):
 PSYoungGen      total 800256K, used 735132K [0x0000000760000000, 0x000000079b700000, 0x00000007c0000000)
  eden space 721408K, 100% used [0x0000000760000000,0x000000078c080000,0x000000078c080000)
  from space 78848K, 17% used [0x000000078c080000,0x000000078cde7380,0x0000000790d80000)
  to   space 76288K, 0% used [0x0000000796c80000,0x0000000796c80000,0x000000079b700000)
 ParOldGen       total 382976K, used 278734K [0x00000006a0000000, 0x00000006b7600000, 0x0000000760000000)
  object space 382976K, 72% used [0x00000006a0000000,0x00000006b1033898,0x00000006b7600000)
 Metaspace       used 90127K, capacity 97072K, committed 97536K, reserved 1132544K
  class space    used 12183K, capacity 13894K, committed 14080K, reserved 1048576K
Event: 83.240 GC heap after
Heap after GC invocations=35 (full 5):
 PSYoungGen      total 886272K, used 12923K [0x0000000760000000, 0x000000079af00000, 0x00000007c0000000)
  eden space 818176K, 0% used [0x0000000760000000,0x0000000760000000,0x0000000791f00000)
  from space 68096K, 18% used [0x0000000796c80000,0x000000079791ef78,0x000000079af00000)
  to   space 73728K, 0% used [0x0000000791f00000,0x0000000791f00000,0x0000000796700000)
 ParOldGen       total 382976K, used 278734K [0x00000006a0000000, 0x00000006b7600000, 0x0000000760000000)
  object space 382976K, 72% used [0x00000006a0000000,0x00000006b1033898,0x00000006b7600000)
 Metaspace       used 90127K, capacity 97072K, committed 97536K, reserved 1132544K
  class space    used 12183K, capacity 13894K, committed 14080K, reserved 1048576K
}
Event: 86.833 GC heap before
{Heap before GC invocations=36 (full 5):
 PSYoungGen      total 886272K, used 831099K [0x0000000760000000, 0x000000079af00000, 0x00000007c0000000)
  eden space 818176K, 100% used [0x0000000760000000,0x0000000791f00000,0x0000000791f00000)
  from space 68096K, 18% used [0x0000000796c80000,0x000000079791ef78,0x000000079af00000)
  to   space 73728K, 0% used [0x0000000791f00000,0x0000000791f00000,0x0000000796700000)
 ParOldGen       total 382976K, used 278734K [0x00000006a0000000, 0x00000006b7600000, 0x0000000760000000)
  object space 382976K, 72% used [0x00000006a0000000,0x00000006b1033898,0x00000006b7600000)
 Metaspace       used 90157K, capacity 97136K, committed 97536K, reserved 1132544K
  class space    used 12183K, capacity 13894K, committed 14080K, reserved 1048576K
Event: 86.872 GC heap after
Heap after GC invocations=36 (full 5):
 PSYoungGen      total 891904K, used 21665K [0x0000000760000000, 0x000000079af00000, 0x00000007c0000000)
  eden space 818176K, 0% used [0x0000000760000000,0x0000000760000000,0x0000000791f00000)
  from space 73728K, 29% used [0x0000000791f00000,0x0000000793428738,0x0000000796700000)
  to   space 68096K, 0% used [0x0000000796c80000,0x0000000796c80000,0x000000079af00000)
 ParOldGen       total 382976K, used 278742K [0x00000006a0000000, 0x00000006b7600000, 0x0000000760000000)
  object space 382976K, 72% used [0x00000006a0000000,0x00000006b1035898,0x00000006b7600000)
 Metaspace       used 90157K, capacity 97136K, committed 97536K, reserved 1132544K
  class space    used 12183K, capacity 13894K, committed 14080K, reserved 1048576K
}
Event: 89.156 GC heap before
{Heap before GC invocations=37 (full 5):
 PSYoungGen      total 891904K, used 839841K [0x0000000760000000, 0x000000079af00000, 0x00000007c0000000)
  eden space 818176K, 100% used [0x0000000760000000,0x0000000791f00000,0x0000000791f00000)
  from space 73728K, 29% used [0x0000000791f00000,0x0000000793428738,0x0000000796700000)
  to   space 68096K, 0% used [0x0000000796c80000,0x0000000796c80000,0x000000079af00000)
 ParOldGen       total 382976K, used 278742K [0x00000006a0000000, 0x00000006b7600000, 0x0000000760000000)
  object space 382976K, 72% used [0x00000006a0000000,0x00000006b1035898,0x00000006b7600000)
 Metaspace       used 90174K, capacity 97142K, committed 97536K, reserved 1132544K
  class space    used 12186K, capacity 13895K, committed 14080K, reserved 1048576K
Event: 89.178 GC heap after
Heap after GC invocations=37 (full 5):
 PSYoungGen      total 886272K, used 15529K [0x0000000760000000, 0x000000079af00000, 0x00000007c0000000)
  eden space 818176K, 0% used [0x0000000760000000,0x0000000760000000,0x0000000791f00000)
  from space 68096K, 22% used [0x0000000796c80000,0x0000000797baa7b0,0x000000079af00000)
  to   space 73728K, 0% used [0x0000000791f00000,0x0000000791f00000,0x0000000796700000)
 ParOldGen       total 382976K, used 278742K [0x00000006a0000000, 0x00000006b7600000, 0x0000000760000000)
  object space 382976K, 72% used [0x00000006a0000000,0x00000006b1035898,0x00000006b7600000)
 Metaspace       used 90174K, capacity 97142K, committed 97536K, reserved 1132544K
  class space    used 12186K, capacity 13895K, committed 14080K, reserved 1048576K
}
Event: 90.814 GC heap before
{Heap before GC invocations=38 (full 5):
 PSYoungGen      total 886272K, used 833705K [0x0000000760000000, 0x000000079af00000, 0x00000007c0000000)
  eden space 818176K, 100% used [0x0000000760000000,0x0000000791f00000,0x0000000791f00000)
  from space 68096K, 22% used [0x0000000796c80000,0x0000000797baa7b0,0x000000079af00000)
  to   space 73728K, 0% used [0x0000000791f00000,0x0000000791f00000,0x0000000796700000)
 ParOldGen       total 382976K, used 278742K [0x00000006a0000000, 0x00000006b7600000, 0x0000000760000000)
  object space 382976K, 72% used [0x00000006a0000000,0x00000006b1035898,0x00000006b7600000)
 Metaspace       used 90640K, capacity 97642K, committed 98048K, reserved 1132544K
  class space    used 12256K, capacity 13985K, committed 14080K, reserved 1048576K
Event: 90.841 GC heap after
Heap after GC invocations=38 (full 5):
 PSYoungGen      total 891904K, used 17121K [0x0000000760000000, 0x000000079ea80000, 0x00000007c0000000)
  eden space 818176K, 0% used [0x0000000760000000,0x0000000760000000,0x0000000791f00000)
  from space 73728K, 23% used [0x0000000791f00000,0x0000000792fb8498,0x0000000796700000)
  to   space 64000K, 0% used [0x000000079ac00000,0x000000079ac00000,0x000000079ea80000)
 ParOldGen       total 382976K, used 278742K [0x00000006a0000000, 0x00000006b7600000, 0x0000000760000000)
  object space 382976K, 72% used [0x00000006a0000000,0x00000006b1035898,0x00000006b7600000)
 Metaspace       used 90640K, capacity 97642K, committed 98048K, reserved 1132544K
  class space    used 12256K, capacity 13985K, committed 14080K, reserved 1048576K
}

