# JRE version: Java(TM) SE Runtime Environment (8.0_291-b10) (build 1.8.0_291-b10)
# Java VM: Java HotSpot(TM) 64-Bit Server VM (25.291-b10 mixed mode windows-amd64 compressed oops)
Heap:
 PSYoungGen      total 1085440K, used 227812K [0x0000000760000000, 0x00000007af880000, 0x00000007c0000000)
  eden space 1017344K, 16% used [0x0000000760000000,0x000000076a73dd50,0x000000079e180000)
  from space 68096K, 83% used [0x00000007a2e80000,0x00000007a65bb648,0x00000007a7100000)
  to   space 78848K, 0% used [0x000000079e180000,0x000000079e180000,0x00000007a2e80000)
 ParOldGen       total 323072K, used 239264K [0x00000006a0000000, 0x00000006b3b80000, 0x0000000760000000)
  object space 323072K, 74% used [0x00000006a0000000,0x00000006ae9a8250,0x00000006b3b80000)
 Metaspace       used 91077K, capacity 98362K, committed 98560K, reserved 1134592K
  class space    used 12320K, capacity 14075K, committed 14080K, reserved 1048576K
GC Heap History (10 events):
Event: 82.261 GC heap before
{Heap before GC invocations=33 (full 5):
 PSYoungGen      total 1001472K, used 977112K [0x0000000760000000, 0x00000007a7100000, 0x00000007c0000000)
  eden space 933888K, 100% used [0x0000000760000000,0x0000000799000000,0x0000000799000000)
  from space 67584K, 63% used [0x0000000799000000,0x000000079ba36220,0x000000079d200000)
  to   space 68096K, 0% used [0x00000007a2e80000,0x00000007a2e80000,0x00000007a7100000)
 ParOldGen       total 323072K, used 239264K [0x00000006a0000000, 0x00000006b3b80000, 0x0000000760000000)
  object space 323072K, 74% used [0x00000006a0000000,0x00000006ae9a8250,0x00000006b3b80000)
 Metaspace       used 90380K, capacity 97486K, committed 97792K, reserved 1132544K
  class space    used 12233K, capacity 13963K, committed 14080K, reserved 1048576K
Event: 82.337 GC heap after
Heap after GC invocations=33 (full 5):
 PSYoungGen      total 1098240K, used 36990K [0x0000000760000000, 0x00000007a7200000, 0x00000007c0000000)
  eden space 1030144K, 0% used [0x0000000760000000,0x0000000760000000,0x000000079ee00000)
  from space 68096K, 54% used [0x00000007a2e80000,0x00000007a529fa08,0x00000007a7100000)
  to   space 66048K, 0% used [0x000000079ee00000,0x000000079ee00000,0x00000007a2e80000)
 ParOldGen       total 323072K, used 239264K [0x00000006a0000000, 0x00000006b3b80000, 0x0000000760000000)
  object space 323072K, 74% used [0x00000006a0000000,0x00000006ae9a8250,0x00000006b3b80000)
 Metaspace       used 90380K, capacity 97486K, committed 97792K, reserved 1132544K
  class space    used 12233K, capacity 13963K, committed 14080K, reserved 1048576K
}
Event: 84.558 GC heap before
{Heap before GC invocations=34 (full 5):
 PSYoungGen      total 1098240K, used 1067134K [0x0000000760000000, 0x00000007a7200000, 0x00000007c0000000)
  eden space 1030144K, 100% used [0x0000000760000000,0x000000079ee00000,0x000000079ee00000)
  from space 68096K, 54% used [0x00000007a2e80000,0x00000007a529fa08,0x00000007a7100000)
  to   space 66048K, 0% used [0x000000079ee00000,0x000000079ee00000,0x00000007a2e80000)
 ParOldGen       total 323072K, used 239264K [0x00000006a0000000, 0x00000006b3b80000, 0x0000000760000000)
  object space 323072K, 74% used [0x00000006a0000000,0x00000006ae9a8250,0x00000006b3b80000)
 Metaspace       used 90917K, capacity 98148K, committed 98304K, reserved 1134592K
  class space    used 12311K, capacity 14060K, committed 14080K, reserved 1048576K
Event: 84.640 GC heap after
Heap after GC invocations=34 (full 5):
 PSYoungGen      total 1096192K, used 45514K [0x0000000760000000, 0x00000007a7200000, 0x00000007c0000000)
  eden space 1030144K, 0% used [0x0000000760000000,0x0000000760000000,0x000000079ee00000)
  from space 66048K, 68% used [0x000000079ee00000,0x00000007a1a72b80,0x00000007a2e80000)
  to   space 68096K, 0% used [0x00000007a2e80000,0x00000007a2e80000,0x00000007a7100000)
 ParOldGen       total 323072K, used 239264K [0x00000006a0000000, 0x00000006b3b80000, 0x0000000760000000)
  object space 323072K, 74% used [0x00000006a0000000,0x00000006ae9a8250,0x00000006b3b80000)
 Metaspace       used 90917K, capacity 98148K, committed 98304K, reserved 1134592K
  class space    used 12311K, capacity 14060K, committed 14080K, reserved 1048576K
}
Event: 87.604 GC heap before
{Heap before GC invocations=35 (full 5):
 PSYoungGen      total 1096192K, used 1075658K [0x0000000760000000, 0x00000007a7200000, 0x00000007c0000000)
  eden space 1030144K, 100% used [0x0000000760000000,0x000000079ee00000,0x000000079ee00000)
  from space 66048K, 68% used [0x000000079ee00000,0x00000007a1a72b80,0x00000007a2e80000)
  to   space 68096K, 0% used [0x00000007a2e80000,0x00000007a2e80000,0x00000007a7100000)
 ParOldGen       total 323072K, used 239264K [0x00000006a0000000, 0x00000006b3b80000, 0x0000000760000000)
  object space 323072K, 74% used [0x00000006a0000000,0x00000006ae9a8250,0x00000006b3b80000)
 Metaspace       used 90961K, capacity 98186K, committed 98304K, reserved 1134592K
  class space    used 12316K, capacity 14069K, committed 14080K, reserved 1048576K
Event: 87.711 GC heap after
Heap after GC invocations=35 (full 5):
 PSYoungGen      total 1098240K, used 54814K [0x0000000760000000, 0x00000007a7200000, 0x00000007c0000000)
  eden space 1030144K, 0% used [0x0000000760000000,0x0000000760000000,0x000000079ee00000)
  from space 68096K, 80% used [0x00000007a2e80000,0x00000007a64079c8,0x00000007a7100000)
  to   space 66048K, 0% used [0x000000079ee00000,0x000000079ee00000,0x00000007a2e80000)
 ParOldGen       total 323072K, used 239264K [0x00000006a0000000, 0x00000006b3b80000, 0x0000000760000000)
  object space 323072K, 74% used [0x00000006a0000000,0x00000006ae9a8250,0x00000006b3b80000)
 Metaspace       used 90961K, capacity 98186K, committed 98304K, reserved 1134592K
  class space    used 12316K, capacity 14069K, committed 14080K, reserved 1048576K
}
Event: 89.564 GC heap before
{Heap before GC invocations=36 (full 5):
 PSYoungGen      total 1098240K, used 1084958K [0x0000000760000000, 0x00000007a7200000, 0x00000007c0000000)
  eden space 1030144K, 100% used [0x0000000760000000,0x000000079ee00000,0x000000079ee00000)
  from space 68096K, 80% used [0x00000007a2e80000,0x00000007a64079c8,0x00000007a7100000)
  to   space 66048K, 0% used [0x000000079ee00000,0x000000079ee00000,0x00000007a2e80000)
 ParOldGen       total 323072K, used 239264K [0x00000006a0000000, 0x00000006b3b80000, 0x0000000760000000)
  object space 323072K, 74% used [0x00000006a0000000,0x00000006ae9a8250,0x00000006b3b80000)
 Metaspace       used 91026K, capacity 98266K, committed 98304K, reserved 1134592K
  class space    used 12317K, capacity 14071K, committed 14080K, reserved 1048576K
Event: 89.618 GC heap after
Heap after GC invocations=36 (full 5):
 PSYoungGen      total 1096192K, used 57608K [0x0000000760000000, 0x00000007a7200000, 0x00000007c0000000)
  eden space 1030144K, 0% used [0x0000000760000000,0x0000000760000000,0x000000079ee00000)
  from space 66048K, 87% used [0x000000079ee00000,0x00000007a26420f0,0x00000007a2e80000)
  to   space 68096K, 0% used [0x00000007a2e80000,0x00000007a2e80000,0x00000007a7100000)
 ParOldGen       total 323072K, used 239264K [0x00000006a0000000, 0x00000006b3b80000, 0x0000000760000000)
  object space 323072K, 74% used [0x00000006a0000000,0x00000006ae9a8250,0x00000006b3b80000)
 Metaspace       used 91026K, capacity 98266K, committed 98304K, reserved 1134592K
  class space    used 12317K, capacity 14071K, committed 14080K, reserved 1048576K
}
Event: 91.115 GC heap before
{Heap before GC invocations=37 (full 5):
 PSYoungGen      total 1096192K, used 1087752K [0x0000000760000000, 0x00000007a7200000, 0x00000007c0000000)
  eden space 1030144K, 100% used [0x0000000760000000,0x000000079ee00000,0x000000079ee00000)
  from space 66048K, 87% used [0x000000079ee00000,0x00000007a26420f0,0x00000007a2e80000)
  to   space 68096K, 0% used [0x00000007a2e80000,0x00000007a2e80000,0x00000007a7100000)
 ParOldGen       total 323072K, used 239264K [0x00000006a0000000, 0x00000006b3b80000, 0x0000000760000000)
  object space 323072K, 74% used [0x00000006a0000000,0x00000006ae9a8250,0x00000006b3b80000)
 Metaspace       used 91049K, capacity 98274K, committed 98304K, reserved 1134592K
  class space    used 12317K, capacity 14071K, committed 14080K, reserved 1048576K
Event: 91.156 GC heap after
Heap after GC invocations=37 (full 5):
 PSYoungGen      total 1085440K, used 56557K [0x0000000760000000, 0x00000007af880000, 0x00000007c0000000)
  eden space 1017344K, 0% used [0x0000000760000000,0x0000000760000000,0x000000079e180000)
  from space 68096K, 83% used [0x00000007a2e80000,0x00000007a65bb648,0x00000007a7100000)
  to   space 78848K, 0% used [0x000000079e180000,0x000000079e180000,0x00000007a2e80000)
 ParOldGen       total 323072K, used 239264K [0x00000006a0000000, 0x00000006b3b80000, 0x0000000760000000)
  object space 323072K, 74% used [0x00000006a0000000,0x00000006ae9a8250,0x00000006b3b80000)
 Metaspace       used 91049K, capacity 98274K, committed 98304K, reserved 1134592K
  class space    used 12317K, capacity 14071K, committed 14080K, reserved 1048576K
}

